-encoding
UTF-8
-outxml
-source
1.6
-target
1.6
-classpath
/Users/rburawes/.m2/repository/junit/junit/4.11/junit-4.11.jar:/Users/rburawes/.m2/repository/log4j/log4j/1.2.17/log4j-1.2.17.jar:/Users/rburawes/.m2/repository/org/slf4j/slf4j-api/1.7.5/slf4j-api-1.7.5.jar:/Users/rburawes/.m2/repository/org/slf4j/jcl-over-slf4j/1.7.5/jcl-over-slf4j-1.7.5.jar:/Users/rburawes/.m2/repository/org/slf4j/slf4j-log4j12/1.7.5/slf4j-log4j12-1.7.5.jar:/Users/rburawes/.m2/repository/org/aspectj/aspectjrt/1.7.4/aspectjrt-1.7.4.jar:/Users/rburawes/.m2/repository/org/aspectj/aspectjweaver/1.7.4/aspectjweaver-1.7.4.jar:/Users/rburawes/.m2/repository/javax/servlet/servlet-api/2.5/servlet-api-2.5.jar:/Users/rburawes/.m2/repository/net/sf/flexjson/flexjson/2.1/flexjson-2.1.jar:/Users/rburawes/.m2/repository/org/apache/commons/commons-lang3/3.1/commons-lang3-3.1.jar:/Users/rburawes/.m2/repository/org/springframework/roo/org.springframework.roo.annotations/1.2.5.RELEASE/org.springframework.roo.annotations-1.2.5.RELEASE.jar:/Users/rburawes/.m2/repository/org/springframework/spring-core/3.2.6.RELEASE/spring-core-3.2.6.RELEASE.jar:/Users/rburawes/.m2/repository/org/springframework/spring-test/3.2.6.RELEASE/spring-test-3.2.6.RELEASE.jar:/Users/rburawes/.m2/repository/org/springframework/spring-context/3.2.6.RELEASE/spring-context-3.2.6.RELEASE.jar:/Users/rburawes/.m2/repository/org/springframework/spring-aop/3.2.6.RELEASE/spring-aop-3.2.6.RELEASE.jar:/Users/rburawes/.m2/repository/org/springframework/spring-aspects/3.2.6.RELEASE/spring-aspects-3.2.6.RELEASE.jar:/Users/rburawes/.m2/repository/postgresql/postgresql/9.1-901-1.jdbc4/postgresql-9.1-901-1.jdbc4.jar:/Users/rburawes/.m2/repository/org/hibernate/hibernate-core/4.2.2.Final/hibernate-core-4.2.2.Final.jar:/Users/rburawes/.m2/repository/org/hibernate/hibernate-entitymanager/4.2.2.Final/hibernate-entitymanager-4.2.2.Final.jar:/Users/rburawes/.m2/repository/org/hibernate/javax/persistence/hibernate-jpa-2.0-api/1.0.1.Final/hibernate-jpa-2.0-api-1.0.1.Final.jar:/Users/rburawes/.m2/repository/commons-collections/commons-collections/3.2.1/commons-collections-3.2.1.jar:/Users/rburawes/.m2/repository/org/hibernate/hibernate-validator/4.3.1.Final/hibernate-validator-4.3.1.Final.jar:/Users/rburawes/.m2/repository/javax/validation/validation-api/1.0.0.GA/validation-api-1.0.0.GA.jar:/Users/rburawes/.m2/repository/javax/transaction/jta/1.1/jta-1.1.jar:/Users/rburawes/.m2/repository/org/springframework/spring-jdbc/3.2.6.RELEASE/spring-jdbc-3.2.6.RELEASE.jar:/Users/rburawes/.m2/repository/org/springframework/spring-orm/3.2.6.RELEASE/spring-orm-3.2.6.RELEASE.jar:/Users/rburawes/.m2/repository/commons-pool/commons-pool/1.5.6/commons-pool-1.5.6.jar:/Users/rburawes/.m2/repository/commons-dbcp/commons-dbcp/1.4/commons-dbcp-1.4.jar:/Users/rburawes/.m2/repository/org/springframework/data/spring-data-jpa/1.4.3.RELEASE/spring-data-jpa-1.4.3.RELEASE.jar:/Users/rburawes/.m2/repository/org/springframework/spring-webmvc/3.2.6.RELEASE/spring-webmvc-3.2.6.RELEASE.jar:/Users/rburawes/.m2/repository/org/springframework/webflow/spring-js-resources/2.2.1.RELEASE/spring-js-resources-2.2.1.RELEASE.jar:/Users/rburawes/.m2/repository/commons-digester/commons-digester/2.1/commons-digester-2.1.jar:/Users/rburawes/.m2/repository/commons-fileupload/commons-fileupload/1.2.2/commons-fileupload-1.2.2.jar:/Users/rburawes/.m2/repository/javax/servlet/jsp/jstl/jstl-api/1.2/jstl-api-1.2.jar:/Users/rburawes/.m2/repository/org/glassfish/web/jstl-impl/1.2/jstl-impl-1.2.jar:/Users/rburawes/.m2/repository/javax/el/el-api/2.2/el-api-2.2.jar:/Users/rburawes/.m2/repository/joda-time/joda-time/1.6/joda-time-1.6.jar:/Users/rburawes/.m2/repository/javax/servlet/jsp/jsp-api/2.1/jsp-api-2.1.jar:/Users/rburawes/.m2/repository/commons-codec/commons-codec/1.5/commons-codec-1.5.jar:/Users/rburawes/.m2/repository/org/apache/tiles/tiles-jsp/2.2.2/tiles-jsp-2.2.2.jar:/Users/rburawes/.m2/repository/org/springframework/security/spring-security-core/3.1.0.RELEASE/spring-security-core-3.1.0.RELEASE.jar:/Users/rburawes/.m2/repository/org/springframework/security/spring-security-config/3.1.0.RELEASE/spring-security-config-3.1.0.RELEASE.jar:/Users/rburawes/.m2/repository/org/springframework/security/spring-security-web/3.1.0.RELEASE/spring-security-web-3.1.0.RELEASE.jar:/Users/rburawes/.m2/repository/org/springframework/security/spring-security-taglibs/3.1.0.RELEASE/spring-security-taglibs-3.1.0.RELEASE.jar:/Users/rburawes/.m2/repository/org/springframework/spring-beans/3.2.6.RELEASE/spring-beans-3.2.6.RELEASE.jar:/Users/rburawes/.m2/repository/org/springframework/spring-jms/3.2.6.RELEASE/spring-jms-3.2.6.RELEASE.jar:/Users/rburawes/.m2/repository/org/apache/geronimo/specs/geronimo-jms_1.1_spec/1.1/geronimo-jms_1.1_spec-1.1.jar:/Users/rburawes/.m2/repository/org/apache/activemq/activemq-all/5.9.0/activemq-all-5.9.0.jar:/Users/rburawes/.m2/repository/org/apache/activemq/activemq-pool/5.9.0/activemq-pool-5.9.0.jar:/Users/rburawes/.m2/repository/org/apache/xbean/xbean-spring/3.6/xbean-spring-3.6.jar:/Users/rburawes/.m2/repository/org/springframework/spring-context-support/3.2.6.RELEASE/spring-context-support-3.2.6.RELEASE.jar:/Users/rburawes/.m2/repository/javax/mail/mail/1.4.1/mail-1.4.1.jar:/Users/rburawes/.m2/repository/javax/activation/activation/1.1.1/activation-1.1.1.jar:/Users/rburawes/.m2/repository/commons-io/commons-io/2.4/commons-io-2.4.jar:/Users/rburawes/.m2/repository/org/springframework/spring-expression/3.2.6.RELEASE/spring-expression-3.2.6.RELEASE.jar:/Users/rburawes/.m2/repository/aopalliance/aopalliance/1.0/aopalliance-1.0.jar:/Users/rburawes/.m2/repository/antlr/antlr/2.7.7/antlr-2.7.7.jar:/Users/rburawes/.m2/repository/org/jboss/logging/jboss-logging/3.1.0.GA/jboss-logging-3.1.0.GA.jar:/Users/rburawes/.m2/repository/dom4j/dom4j/1.6.1/dom4j-1.6.1.jar:/Users/rburawes/.m2/repository/org/jboss/spec/javax/transaction/jboss-transaction-api_1.1_spec/1.0.1.Final/jboss-transaction-api_1.1_spec-1.0.1.Final.jar:/Users/rburawes/.m2/repository/org/hibernate/common/hibernate-commons-annotations/4.0.2.Final/hibernate-commons-annotations-4.0.2.Final.jar:/Users/rburawes/.m2/repository/org/javassist/javassist/3.15.0-GA/javassist-3.15.0-GA.jar:/Users/rburawes/.m2/repository/org/springframework/spring-tx/3.2.6.RELEASE/spring-tx-3.2.6.RELEASE.jar:/Users/rburawes/.m2/repository/org/springframework/data/spring-data-commons/1.6.3.RELEASE/spring-data-commons-1.6.3.RELEASE.jar:/Users/rburawes/.m2/repository/org/springframework/spring-web/3.2.6.RELEASE/spring-web-3.2.6.RELEASE.jar:/Users/rburawes/.m2/repository/commons-beanutils/commons-beanutils/1.8.3/commons-beanutils-1.8.3.jar:/Users/rburawes/.m2/repository/org/apache/tiles/tiles-servlet/2.2.2/tiles-servlet-2.2.2.jar:/Users/rburawes/.m2/repository/org/apache/tiles/tiles-core/2.2.2/tiles-core-2.2.2.jar:/Users/rburawes/.m2/repository/org/apache/tiles/tiles-template/2.2.2/tiles-template-2.2.2.jar:/Users/rburawes/.m2/repository/org/apache/tiles/tiles-api/2.2.2/tiles-api-2.2.2.jar:/Users/rburawes/.m2/repository/org/springframework/security/spring-security-crypto/3.1.0.RELEASE/spring-security-crypto-3.1.0.RELEASE.jar:/Users/rburawes/.m2/repository/org/springframework/security/spring-security-acl/3.1.0.RELEASE/spring-security-acl-3.1.0.RELEASE.jar:/Users/rburawes/.m2/repository/org/apache/activemq/activemq-jms-pool/5.9.0/activemq-jms-pool-5.9.0.jar:/Users/rburawes/.m2/repository/org/apache/activemq/activemq-client/5.9.0/activemq-client-5.9.0.jar:/Users/rburawes/.m2/repository/org/fusesource/hawtbuf/hawtbuf/1.9/hawtbuf-1.9.jar:/Users/rburawes/.m2/repository/org/apache/geronimo/specs/geronimo-j2ee-management_1.1_spec/1.0.1/geronimo-j2ee-management_1.1_spec-1.0.1.jar:/Users/rburawes/.m2/repository/org/apache/geronimo/specs/geronimo-jta_1.0.1B_spec/1.0.1/geronimo-jta_1.0.1B_spec-1.0.1.jar:/Users/rburawes/Documents/workspace-sts-3.5.0.RELEASE/flpmail/target/classes
-aspectpath
/Users/rburawes/.m2/repository/org/springframework/spring-aspects/3.2.6.RELEASE/spring-aspects-3.2.6.RELEASE.jar
-d
/Users/rburawes/Documents/workspace-sts-3.5.0.RELEASE/flpmail/target/classes
/Users/rburawes/Documents/workspace-sts-3.5.0.RELEASE/flpmail/src/main/java/io/flp/core/domain/Account.java
/Users/rburawes/Documents/workspace-sts-3.5.0.RELEASE/flpmail/src/main/java/io/flp/core/domain/Account_Roo_Configurable.aj
/Users/rburawes/Documents/workspace-sts-3.5.0.RELEASE/flpmail/src/main/java/io/flp/core/domain/Account_Roo_DbManaged.aj
/Users/rburawes/Documents/workspace-sts-3.5.0.RELEASE/flpmail/src/main/java/io/flp/core/domain/Account_Roo_Jpa_ActiveRecord.aj
/Users/rburawes/Documents/workspace-sts-3.5.0.RELEASE/flpmail/src/main/java/io/flp/core/domain/Account_Roo_Jpa_Entity.aj
/Users/rburawes/Documents/workspace-sts-3.5.0.RELEASE/flpmail/src/main/java/io/flp/core/domain/Account_Roo_Json.aj
/Users/rburawes/Documents/workspace-sts-3.5.0.RELEASE/flpmail/src/main/java/io/flp/core/domain/Account_Roo_ToString.aj
/Users/rburawes/Documents/workspace-sts-3.5.0.RELEASE/flpmail/src/main/java/io/flp/core/domain/Employee.java
/Users/rburawes/Documents/workspace-sts-3.5.0.RELEASE/flpmail/src/main/java/io/flp/core/domain/Employee_Roo_Configurable.aj
/Users/rburawes/Documents/workspace-sts-3.5.0.RELEASE/flpmail/src/main/java/io/flp/core/domain/Employee_Roo_DbManaged.aj
/Users/rburawes/Documents/workspace-sts-3.5.0.RELEASE/flpmail/src/main/java/io/flp/core/domain/Employee_Roo_Jpa_ActiveRecord.aj
/Users/rburawes/Documents/workspace-sts-3.5.0.RELEASE/flpmail/src/main/java/io/flp/core/domain/Employee_Roo_Jpa_Entity.aj
/Users/rburawes/Documents/workspace-sts-3.5.0.RELEASE/flpmail/src/main/java/io/flp/core/domain/Employee_Roo_Json.aj
/Users/rburawes/Documents/workspace-sts-3.5.0.RELEASE/flpmail/src/main/java/io/flp/core/domain/Employee_Roo_ToString.aj
/Users/rburawes/Documents/workspace-sts-3.5.0.RELEASE/flpmail/src/main/java/io/flp/core/domain/Salary.java
/Users/rburawes/Documents/workspace-sts-3.5.0.RELEASE/flpmail/src/main/java/io/flp/core/domain/Salary_Roo_Configurable.aj
/Users/rburawes/Documents/workspace-sts-3.5.0.RELEASE/flpmail/src/main/java/io/flp/core/domain/Salary_Roo_DbManaged.aj
/Users/rburawes/Documents/workspace-sts-3.5.0.RELEASE/flpmail/src/main/java/io/flp/core/domain/Salary_Roo_Jpa_ActiveRecord.aj
/Users/rburawes/Documents/workspace-sts-3.5.0.RELEASE/flpmail/src/main/java/io/flp/core/domain/Salary_Roo_Jpa_Entity.aj
/Users/rburawes/Documents/workspace-sts-3.5.0.RELEASE/flpmail/src/main/java/io/flp/core/domain/Salary_Roo_Json.aj
/Users/rburawes/Documents/workspace-sts-3.5.0.RELEASE/flpmail/src/main/java/io/flp/core/domain/Salary_Roo_ToString.aj
/Users/rburawes/Documents/workspace-sts-3.5.0.RELEASE/flpmail/src/main/java/io/flp/core/domain/UserRole.java
/Users/rburawes/Documents/workspace-sts-3.5.0.RELEASE/flpmail/src/main/java/io/flp/core/domain/UserRole_Roo_Configurable.aj
/Users/rburawes/Documents/workspace-sts-3.5.0.RELEASE/flpmail/src/main/java/io/flp/core/domain/UserRole_Roo_DbManaged.aj
/Users/rburawes/Documents/workspace-sts-3.5.0.RELEASE/flpmail/src/main/java/io/flp/core/domain/UserRole_Roo_Jpa_ActiveRecord.aj
/Users/rburawes/Documents/workspace-sts-3.5.0.RELEASE/flpmail/src/main/java/io/flp/core/domain/UserRole_Roo_Jpa_Entity.aj
/Users/rburawes/Documents/workspace-sts-3.5.0.RELEASE/flpmail/src/main/java/io/flp/core/domain/UserRole_Roo_Json.aj
/Users/rburawes/Documents/workspace-sts-3.5.0.RELEASE/flpmail/src/main/java/io/flp/core/domain/UserRole_Roo_ToString.aj
/Users/rburawes/Documents/workspace-sts-3.5.0.RELEASE/flpmail/src/main/java/io/flp/core/email/NotificationService.java
/Users/rburawes/Documents/workspace-sts-3.5.0.RELEASE/flpmail/src/main/java/io/flp/core/email/NotificationServiceImpl.java
/Users/rburawes/Documents/workspace-sts-3.5.0.RELEASE/flpmail/src/main/java/io/flp/core/messaging/JMSEmployeeUpdateTopicListener.java
/Users/rburawes/Documents/workspace-sts-3.5.0.RELEASE/flpmail/src/main/java/io/flp/core/repository/AccountRepository.java
/Users/rburawes/Documents/workspace-sts-3.5.0.RELEASE/flpmail/src/main/java/io/flp/core/repository/AccountRepository_Roo_Jpa_Repository.aj
/Users/rburawes/Documents/workspace-sts-3.5.0.RELEASE/flpmail/src/main/java/io/flp/core/repository/EmployeeRepository.java
/Users/rburawes/Documents/workspace-sts-3.5.0.RELEASE/flpmail/src/main/java/io/flp/core/repository/EmployeeRepository_Roo_Jpa_Repository.aj
/Users/rburawes/Documents/workspace-sts-3.5.0.RELEASE/flpmail/src/main/java/io/flp/core/repository/SalaryRepository.java
/Users/rburawes/Documents/workspace-sts-3.5.0.RELEASE/flpmail/src/main/java/io/flp/core/repository/SalaryRepository_Roo_Jpa_Repository.aj
/Users/rburawes/Documents/workspace-sts-3.5.0.RELEASE/flpmail/src/main/java/io/flp/core/repository/UserRoleRepository.java
/Users/rburawes/Documents/workspace-sts-3.5.0.RELEASE/flpmail/src/main/java/io/flp/core/repository/UserRoleRepository_Roo_Jpa_Repository.aj
/Users/rburawes/Documents/workspace-sts-3.5.0.RELEASE/flpmail/src/main/java/io/flp/core/service/AccountService.java
/Users/rburawes/Documents/workspace-sts-3.5.0.RELEASE/flpmail/src/main/java/io/flp/core/service/AccountService_Roo_Service.aj
/Users/rburawes/Documents/workspace-sts-3.5.0.RELEASE/flpmail/src/main/java/io/flp/core/service/AccountServiceImpl.java
/Users/rburawes/Documents/workspace-sts-3.5.0.RELEASE/flpmail/src/main/java/io/flp/core/service/AccountServiceImpl_Roo_Service.aj
/Users/rburawes/Documents/workspace-sts-3.5.0.RELEASE/flpmail/src/main/java/io/flp/core/service/EmployeeService.java
/Users/rburawes/Documents/workspace-sts-3.5.0.RELEASE/flpmail/src/main/java/io/flp/core/service/EmployeeService_Roo_Service.aj
/Users/rburawes/Documents/workspace-sts-3.5.0.RELEASE/flpmail/src/main/java/io/flp/core/service/EmployeeServiceImpl.java
/Users/rburawes/Documents/workspace-sts-3.5.0.RELEASE/flpmail/src/main/java/io/flp/core/service/EmployeeServiceImpl_Roo_Service.aj
/Users/rburawes/Documents/workspace-sts-3.5.0.RELEASE/flpmail/src/main/java/io/flp/core/service/SalaryService.java
/Users/rburawes/Documents/workspace-sts-3.5.0.RELEASE/flpmail/src/main/java/io/flp/core/service/SalaryService_Roo_Service.aj
/Users/rburawes/Documents/workspace-sts-3.5.0.RELEASE/flpmail/src/main/java/io/flp/core/service/SalaryServiceImpl.java
/Users/rburawes/Documents/workspace-sts-3.5.0.RELEASE/flpmail/src/main/java/io/flp/core/service/SalaryServiceImpl_Roo_Service.aj
/Users/rburawes/Documents/workspace-sts-3.5.0.RELEASE/flpmail/src/main/java/io/flp/core/service/UserRoleService.java
/Users/rburawes/Documents/workspace-sts-3.5.0.RELEASE/flpmail/src/main/java/io/flp/core/service/UserRoleService_Roo_Service.aj
/Users/rburawes/Documents/workspace-sts-3.5.0.RELEASE/flpmail/src/main/java/io/flp/core/service/UserRoleServiceImpl.java
/Users/rburawes/Documents/workspace-sts-3.5.0.RELEASE/flpmail/src/main/java/io/flp/core/service/UserRoleServiceImpl_Roo_Service.aj
/Users/rburawes/Documents/workspace-sts-3.5.0.RELEASE/flpmail/src/main/java/io/flp/core/web/AccountController.java
/Users/rburawes/Documents/workspace-sts-3.5.0.RELEASE/flpmail/src/main/java/io/flp/core/web/AccountController_Roo_Controller.aj
/Users/rburawes/Documents/workspace-sts-3.5.0.RELEASE/flpmail/src/main/java/io/flp/core/web/ApplicationConversionServiceFactoryBean.java
/Users/rburawes/Documents/workspace-sts-3.5.0.RELEASE/flpmail/src/main/java/io/flp/core/web/ApplicationConversionServiceFactoryBean_Roo_ConversionService.aj
/Users/rburawes/Documents/workspace-sts-3.5.0.RELEASE/flpmail/src/main/java/io/flp/core/web/EmployeeController.java
/Users/rburawes/Documents/workspace-sts-3.5.0.RELEASE/flpmail/src/main/java/io/flp/core/web/EmployeeController_Roo_Controller.aj
/Users/rburawes/Documents/workspace-sts-3.5.0.RELEASE/flpmail/src/main/java/io/flp/core/web/SalaryController.java
/Users/rburawes/Documents/workspace-sts-3.5.0.RELEASE/flpmail/src/main/java/io/flp/core/web/SalaryController_Roo_Controller.aj
/Users/rburawes/Documents/workspace-sts-3.5.0.RELEASE/flpmail/src/main/java/io/flp/core/web/UserRoleController.java
/Users/rburawes/Documents/workspace-sts-3.5.0.RELEASE/flpmail/src/main/java/io/flp/core/web/UserRoleController_Roo_Controller.aj
